Performing C SOURCE FILE Test CMAKE_HAVE_LIBC_PTHREAD failed with the following output:
Change Dir: /home/guilhermelarga/Documents/PuyoPuyo/build/Release/CMakeFiles/CMakeTmp

Run Build Command(s):/usr/bin/make -f Makefile cmTC_53336/fast && /usr/bin/make  -f CMakeFiles/cmTC_53336.dir/build.make CMakeFiles/cmTC_53336.dir/build
make[1]: Entering directory '/home/guilhermelarga/Documents/PuyoPuyo/build/Release/CMakeFiles/CMakeTmp'
Building C object CMakeFiles/cmTC_53336.dir/src.c.o
/usr/bin/cc -DCMAKE_HAVE_LIBC_PTHREAD   -o CMakeFiles/cmTC_53336.dir/src.c.o -c /home/guilhermelarga/Documents/PuyoPuyo/build/Release/CMakeFiles/CMakeTmp/src.c
Linking C executable cmTC_53336
/snap/clion/198/bin/cmake/linux/bin/cmake -E cmake_link_script CMakeFiles/cmTC_53336.dir/link.txt --verbose=1
/usr/bin/cc CMakeFiles/cmTC_53336.dir/src.c.o -o cmTC_53336 
CMakeFiles/cmTC_53336.dir/src.c.o: In function `main':
src.c:(.text+0x2d): undefined reference to `pthread_create'
src.c:(.text+0x39): undefined reference to `pthread_detach'
src.c:(.text+0x45): undefined reference to `pthread_cancel'
src.c:(.text+0x56): undefined reference to `pthread_join'
src.c:(.text+0x6a): undefined reference to `pthread_atfork'
collect2: error: ld returned 1 exit status
CMakeFiles/cmTC_53336.dir/build.make:98: recipe for target 'cmTC_53336' failed
make[1]: *** [cmTC_53336] Error 1
make[1]: Leaving directory '/home/guilhermelarga/Documents/PuyoPuyo/build/Release/CMakeFiles/CMakeTmp'
Makefile:127: recipe for target 'cmTC_53336/fast' failed
make: *** [cmTC_53336/fast] Error 2


Source file was:
#include <pthread.h>

static void* test_func(void* data)
{
  return data;
}

int main(void)
{
  pthread_t thread;
  pthread_create(&thread, NULL, test_func, NULL);
  pthread_detach(thread);
  pthread_cancel(thread);
  pthread_join(thread, NULL);
  pthread_atfork(NULL, NULL, NULL);
  pthread_exit(NULL);

  return 0;
}

Determining if the function pthread_create exists in the pthreads failed with the following output:
Change Dir: /home/guilhermelarga/Documents/PuyoPuyo/build/Release/CMakeFiles/CMakeTmp

Run Build Command(s):/usr/bin/make -f Makefile cmTC_ecbac/fast && /usr/bin/make  -f CMakeFiles/cmTC_ecbac.dir/build.make CMakeFiles/cmTC_ecbac.dir/build
make[1]: Entering directory '/home/guilhermelarga/Documents/PuyoPuyo/build/Release/CMakeFiles/CMakeTmp'
Building C object CMakeFiles/cmTC_ecbac.dir/CheckFunctionExists.c.o
/usr/bin/cc   -DCHECK_FUNCTION_EXISTS=pthread_create -o CMakeFiles/cmTC_ecbac.dir/CheckFunctionExists.c.o -c /snap/clion/198/bin/cmake/linux/share/cmake-3.22/Modules/CheckFunctionExists.c
Linking C executable cmTC_ecbac
/snap/clion/198/bin/cmake/linux/bin/cmake -E cmake_link_script CMakeFiles/cmTC_ecbac.dir/link.txt --verbose=1
/usr/bin/cc  -DCHECK_FUNCTION_EXISTS=pthread_create CMakeFiles/cmTC_ecbac.dir/CheckFunctionExists.c.o -o cmTC_ecbac  -lpthreads 
/usr/bin/ld: cannot find -lpthreads
collect2: error: ld returned 1 exit status
CMakeFiles/cmTC_ecbac.dir/build.make:98: recipe for target 'cmTC_ecbac' failed
make[1]: *** [cmTC_ecbac] Error 1
make[1]: Leaving directory '/home/guilhermelarga/Documents/PuyoPuyo/build/Release/CMakeFiles/CMakeTmp'
Makefile:127: recipe for target 'cmTC_ecbac/fast' failed
make: *** [cmTC_ecbac/fast] Error 2



